# JRE version: OpenJDK Runtime Environment Temurin-21.0.8+9 (21.0.8+9) (build 21.0.8+9-LTS)
# Java VM: OpenJDK 64-Bit Server VM Temurin-21.0.8+9 (21.0.8+9-LTS, mixed mode, sharing, tiered, compressed oops, compressed class ptrs, parallel gc, windows-amd64)
GC Precious Log:
 CardTable entry size: 512
 CPUs: 2 total, 2 available
 Memory: 6060M
 Large Page Support: Disabled
 NUMA Support: Disabled
 Compressed Oops: Enabled (32-bit)
 Alignments: Space 512K, Generation 512K, Heap 2M
 Heap Min Capacity: 100M
 Heap Initial Capacity: 100M
 Heap Max Capacity: 2G
 Pre-touch: Disabled
 Parallel Workers: 2
Heap:
 PSYoungGen      total 9728K, used 1863K [0x00000000d5580000, 0x00000000d6000000, 0x0000000100000000)
  eden space 9216K, 19% used [0x00000000d5580000,0x00000000d5741e30,0x00000000d5e80000)
  from space 512K, 12% used [0x00000000d5f80000,0x00000000d5f90000,0x00000000d6000000)
  to   space 512K, 0% used [0x00000000d5f00000,0x00000000d5f00000,0x00000000d5f80000)
 ParOldGen       total 390144K, used 390074K [0x0000000080000000, 0x0000000097d00000, 0x00000000d5580000)
  object space 390144K, 99% used [0x0000000080000000,0x0000000097ceea80,0x0000000097d00000)
 Metaspace       used 75896K, committed 77504K, reserved 1179648K
  class space    used 7915K, committed 8640K, reserved 1048576K
GC Heap History (20 events):
Event: 106.262 GC heap before
{Heap before GC invocations=646 (full 3):
 PSYoungGen      total 9728K, used 9486K [0x00000000d5580000, 0x00000000d6000000, 0x0000000100000000)
  eden space 9216K, 100% used [0x00000000d5580000,0x00000000d5e80000,0x00000000d5e80000)
  from space 512K, 52% used [0x00000000d5f80000,0x00000000d5fc3b20,0x00000000d6000000)
  to   space 512K, 0% used [0x00000000d5f00000,0x00000000d5f00000,0x00000000d5f80000)
 ParOldGen       total 386048K, used 385578K [0x0000000080000000, 0x0000000097900000, 0x00000000d5580000)
  object space 386048K, 99% used [0x0000000080000000,0x000000009788a920,0x0000000097900000)
 Metaspace       used 75583K, committed 77248K, reserved 1179648K
  class space    used 7886K, committed 8640K, reserved 1048576K
}
Event: 106.264 GC heap after
{Heap after GC invocations=646 (full 3):
 PSYoungGen      total 9728K, used 489K [0x00000000d5580000, 0x00000000d6080000, 0x0000000100000000)
  eden space 9216K, 0% used [0x00000000d5580000,0x00000000d5580000,0x00000000d5e80000)
  from space 512K, 95% used [0x00000000d5f00000,0x00000000d5f7a400,0x00000000d5f80000)
  to   space 1024K, 0% used [0x00000000d5f80000,0x00000000d5f80000,0x00000000d6080000)
 ParOldGen       total 386048K, used 385882K [0x0000000080000000, 0x0000000097900000, 0x00000000d5580000)
  object space 386048K, 99% used [0x0000000080000000,0x00000000978d6940,0x0000000097900000)
 Metaspace       used 75583K, committed 77248K, reserved 1179648K
  class space    used 7886K, committed 8640K, reserved 1048576K
}
Event: 106.280 GC heap before
{Heap before GC invocations=647 (full 3):
 PSYoungGen      total 9728K, used 9705K [0x00000000d5580000, 0x00000000d6080000, 0x0000000100000000)
  eden space 9216K, 100% used [0x00000000d5580000,0x00000000d5e80000,0x00000000d5e80000)
  from space 512K, 95% used [0x00000000d5f00000,0x00000000d5f7a400,0x00000000d5f80000)
  to   space 1024K, 0% used [0x00000000d5f80000,0x00000000d5f80000,0x00000000d6080000)
 ParOldGen       total 386048K, used 385882K [0x0000000080000000, 0x0000000097900000, 0x00000000d5580000)
  object space 386048K, 99% used [0x0000000080000000,0x00000000978d6940,0x0000000097900000)
 Metaspace       used 75588K, committed 77248K, reserved 1179648K
  class space    used 7886K, committed 8640K, reserved 1048576K
}
Event: 106.282 GC heap after
{Heap after GC invocations=647 (full 3):
 PSYoungGen      total 10240K, used 361K [0x00000000d5580000, 0x00000000d6080000, 0x0000000100000000)
  eden space 9216K, 0% used [0x00000000d5580000,0x00000000d5580000,0x00000000d5e80000)
  from space 1024K, 35% used [0x00000000d5f80000,0x00000000d5fda400,0x00000000d6080000)
  to   space 1024K, 0% used [0x00000000d5e80000,0x00000000d5e80000,0x00000000d5f80000)
 ParOldGen       total 386560K, used 386110K [0x0000000080000000, 0x0000000097980000, 0x00000000d5580000)
  object space 386560K, 99% used [0x0000000080000000,0x000000009790fb40,0x0000000097980000)
 Metaspace       used 75588K, committed 77248K, reserved 1179648K
  class space    used 7886K, committed 8640K, reserved 1048576K
}
Event: 106.326 GC heap before
{Heap before GC invocations=648 (full 3):
 PSYoungGen      total 10240K, used 9577K [0x00000000d5580000, 0x00000000d6080000, 0x0000000100000000)
  eden space 9216K, 100% used [0x00000000d5580000,0x00000000d5e80000,0x00000000d5e80000)
  from space 1024K, 35% used [0x00000000d5f80000,0x00000000d5fda400,0x00000000d6080000)
  to   space 1024K, 0% used [0x00000000d5e80000,0x00000000d5e80000,0x00000000d5f80000)
 ParOldGen       total 386560K, used 386110K [0x0000000080000000, 0x0000000097980000, 0x00000000d5580000)
  object space 386560K, 99% used [0x0000000080000000,0x000000009790fb40,0x0000000097980000)
 Metaspace       used 75594K, committed 77248K, reserved 1179648K
  class space    used 7886K, committed 8640K, reserved 1048576K
}
Event: 106.327 GC heap after
{Heap after GC invocations=648 (full 3):
 PSYoungGen      total 10240K, used 174K [0x00000000d5580000, 0x00000000d6000000, 0x0000000100000000)
  eden space 9216K, 0% used [0x00000000d5580000,0x00000000d5580000,0x00000000d5e80000)
  from space 1024K, 17% used [0x00000000d5e80000,0x00000000d5eabb00,0x00000000d5f80000)
  to   space 512K, 0% used [0x00000000d5f80000,0x00000000d5f80000,0x00000000d6000000)
 ParOldGen       total 386560K, used 386126K [0x0000000080000000, 0x0000000097980000, 0x00000000d5580000)
  object space 386560K, 99% used [0x0000000080000000,0x0000000097913b40,0x0000000097980000)
 Metaspace       used 75594K, committed 77248K, reserved 1179648K
  class space    used 7886K, committed 8640K, reserved 1048576K
}
Event: 106.358 GC heap before
{Heap before GC invocations=649 (full 3):
 PSYoungGen      total 10240K, used 9390K [0x00000000d5580000, 0x00000000d6000000, 0x0000000100000000)
  eden space 9216K, 100% used [0x00000000d5580000,0x00000000d5e80000,0x00000000d5e80000)
  from space 1024K, 17% used [0x00000000d5e80000,0x00000000d5eabb00,0x00000000d5f80000)
  to   space 512K, 0% used [0x00000000d5f80000,0x00000000d5f80000,0x00000000d6000000)
 ParOldGen       total 386560K, used 386126K [0x0000000080000000, 0x0000000097980000, 0x00000000d5580000)
  object space 386560K, 99% used [0x0000000080000000,0x0000000097913b40,0x0000000097980000)
 Metaspace       used 75595K, committed 77248K, reserved 1179648K
  class space    used 7886K, committed 8640K, reserved 1048576K
}
Event: 106.361 GC heap after
{Heap after GC invocations=649 (full 3):
 PSYoungGen      total 9728K, used 282K [0x00000000d5580000, 0x00000000d6000000, 0x0000000100000000)
  eden space 9216K, 0% used [0x00000000d5580000,0x00000000d5580000,0x00000000d5e80000)
  from space 512K, 55% used [0x00000000d5f80000,0x00000000d5fc6900,0x00000000d6000000)
  to   space 512K, 0% used [0x00000000d5f00000,0x00000000d5f00000,0x00000000d5f80000)
 ParOldGen       total 386560K, used 386142K [0x0000000080000000, 0x0000000097980000, 0x00000000d5580000)
  object space 386560K, 99% used [0x0000000080000000,0x0000000097917b40,0x0000000097980000)
 Metaspace       used 75595K, committed 77248K, reserved 1179648K
  class space    used 7886K, committed 8640K, reserved 1048576K
}
Event: 106.404 GC heap before
{Heap before GC invocations=650 (full 3):
 PSYoungGen      total 9728K, used 9498K [0x00000000d5580000, 0x00000000d6000000, 0x0000000100000000)
  eden space 9216K, 100% used [0x00000000d5580000,0x00000000d5e80000,0x00000000d5e80000)
  from space 512K, 55% used [0x00000000d5f80000,0x00000000d5fc6900,0x00000000d6000000)
  to   space 512K, 0% used [0x00000000d5f00000,0x00000000d5f00000,0x00000000d5f80000)
 ParOldGen       total 386560K, used 386142K [0x0000000080000000, 0x0000000097980000, 0x00000000d5580000)
  object space 386560K, 99% used [0x0000000080000000,0x0000000097917b40,0x0000000097980000)
 Metaspace       used 75597K, committed 77248K, reserved 1179648K
  class space    used 7886K, committed 8640K, reserved 1048576K
}
Event: 106.406 GC heap after
{Heap after GC invocations=650 (full 3):
 PSYoungGen      total 9728K, used 398K [0x00000000d5580000, 0x00000000d6000000, 0x0000000100000000)
  eden space 9216K, 0% used [0x00000000d5580000,0x00000000d5580000,0x00000000d5e80000)
  from space 512K, 77% used [0x00000000d5f00000,0x00000000d5f63b60,0x00000000d5f80000)
  to   space 512K, 0% used [0x00000000d5f80000,0x00000000d5f80000,0x00000000d6000000)
 ParOldGen       total 388096K, used 387616K [0x0000000080000000, 0x0000000097b00000, 0x00000000d5580000)
  object space 388096K, 99% used [0x0000000080000000,0x0000000097a88090,0x0000000097b00000)
 Metaspace       used 75597K, committed 77248K, reserved 1179648K
  class space    used 7886K, committed 8640K, reserved 1048576K
}
Event: 106.434 GC heap before
{Heap before GC invocations=651 (full 3):
 PSYoungGen      total 9728K, used 9558K [0x00000000d5580000, 0x00000000d6000000, 0x0000000100000000)
  eden space 9216K, 99% used [0x00000000d5580000,0x00000000d5e71cf0,0x00000000d5e80000)
  from space 512K, 77% used [0x00000000d5f00000,0x00000000d5f63b60,0x00000000d5f80000)
  to   space 512K, 0% used [0x00000000d5f80000,0x00000000d5f80000,0x00000000d6000000)
 ParOldGen       total 388096K, used 387616K [0x0000000080000000, 0x0000000097b00000, 0x00000000d5580000)
  object space 388096K, 99% used [0x0000000080000000,0x0000000097a88090,0x0000000097b00000)
 Metaspace       used 75604K, committed 77248K, reserved 1179648K
  class space    used 7886K, committed 8640K, reserved 1048576K
}
Event: 106.436 GC heap after
{Heap after GC invocations=651 (full 3):
 PSYoungGen      total 9728K, used 96K [0x00000000d5580000, 0x00000000d6000000, 0x0000000100000000)
  eden space 9216K, 0% used [0x00000000d5580000,0x00000000d5580000,0x00000000d5e80000)
  from space 512K, 18% used [0x00000000d5f80000,0x00000000d5f98000,0x00000000d6000000)
  to   space 512K, 0% used [0x00000000d5f00000,0x00000000d5f00000,0x00000000d5f80000)
 ParOldGen       total 388096K, used 387836K [0x0000000080000000, 0x0000000097b00000, 0x00000000d5580000)
  object space 388096K, 99% used [0x0000000080000000,0x0000000097abf2d0,0x0000000097b00000)
 Metaspace       used 75604K, committed 77248K, reserved 1179648K
  class space    used 7886K, committed 8640K, reserved 1048576K
}
Event: 106.484 GC heap before
{Heap before GC invocations=652 (full 3):
 PSYoungGen      total 9728K, used 9312K [0x00000000d5580000, 0x00000000d6000000, 0x0000000100000000)
  eden space 9216K, 100% used [0x00000000d5580000,0x00000000d5e80000,0x00000000d5e80000)
  from space 512K, 18% used [0x00000000d5f80000,0x00000000d5f98000,0x00000000d6000000)
  to   space 512K, 0% used [0x00000000d5f00000,0x00000000d5f00000,0x00000000d5f80000)
 ParOldGen       total 388096K, used 387836K [0x0000000080000000, 0x0000000097b00000, 0x00000000d5580000)
  object space 388096K, 99% used [0x0000000080000000,0x0000000097abf2d0,0x0000000097b00000)
 Metaspace       used 75608K, committed 77248K, reserved 1179648K
  class space    used 7886K, committed 8640K, reserved 1048576K
}
Event: 106.486 GC heap after
{Heap after GC invocations=652 (full 3):
 PSYoungGen      total 9728K, used 457K [0x00000000d5580000, 0x00000000d6080000, 0x0000000100000000)
  eden space 9216K, 0% used [0x00000000d5580000,0x00000000d5580000,0x00000000d5e80000)
  from space 512K, 89% used [0x00000000d5f00000,0x00000000d5f72440,0x00000000d5f80000)
  to   space 1024K, 0% used [0x00000000d5f80000,0x00000000d5f80000,0x00000000d6080000)
 ParOldGen       total 388096K, used 387884K [0x0000000080000000, 0x0000000097b00000, 0x00000000d5580000)
  object space 388096K, 99% used [0x0000000080000000,0x0000000097acb2d0,0x0000000097b00000)
 Metaspace       used 75608K, committed 77248K, reserved 1179648K
  class space    used 7886K, committed 8640K, reserved 1048576K
}
Event: 106.532 GC heap before
{Heap before GC invocations=653 (full 3):
 PSYoungGen      total 9728K, used 9673K [0x00000000d5580000, 0x00000000d6080000, 0x0000000100000000)
  eden space 9216K, 100% used [0x00000000d5580000,0x00000000d5e80000,0x00000000d5e80000)
  from space 512K, 89% used [0x00000000d5f00000,0x00000000d5f72440,0x00000000d5f80000)
  to   space 1024K, 0% used [0x00000000d5f80000,0x00000000d5f80000,0x00000000d6080000)
 ParOldGen       total 388096K, used 387884K [0x0000000080000000, 0x0000000097b00000, 0x00000000d5580000)
  object space 388096K, 99% used [0x0000000080000000,0x0000000097acb2d0,0x0000000097b00000)
 Metaspace       used 75615K, committed 77248K, reserved 1179648K
  class space    used 7887K, committed 8640K, reserved 1048576K
}
Event: 106.534 GC heap after
{Heap after GC invocations=653 (full 3):
 PSYoungGen      total 9728K, used 186K [0x00000000d5580000, 0x00000000d6000000, 0x0000000100000000)
  eden space 9216K, 0% used [0x00000000d5580000,0x00000000d5580000,0x00000000d5e80000)
  from space 512K, 36% used [0x00000000d5f80000,0x00000000d5fae920,0x00000000d6000000)
  to   space 512K, 0% used [0x00000000d5f00000,0x00000000d5f00000,0x00000000d5f80000)
 ParOldGen       total 390144K, used 389714K [0x0000000080000000, 0x0000000097d00000, 0x00000000d5580000)
  object space 390144K, 99% used [0x0000000080000000,0x0000000097c94a60,0x0000000097d00000)
 Metaspace       used 75615K, committed 77248K, reserved 1179648K
  class space    used 7887K, committed 8640K, reserved 1048576K
}
Event: 106.721 GC heap before
{Heap before GC invocations=654 (full 3):
 PSYoungGen      total 9728K, used 9402K [0x00000000d5580000, 0x00000000d6000000, 0x0000000100000000)
  eden space 9216K, 100% used [0x00000000d5580000,0x00000000d5e80000,0x00000000d5e80000)
  from space 512K, 36% used [0x00000000d5f80000,0x00000000d5fae920,0x00000000d6000000)
  to   space 512K, 0% used [0x00000000d5f00000,0x00000000d5f00000,0x00000000d5f80000)
 ParOldGen       total 390144K, used 389714K [0x0000000080000000, 0x0000000097d00000, 0x00000000d5580000)
  object space 390144K, 99% used [0x0000000080000000,0x0000000097c94a60,0x0000000097d00000)
 Metaspace       used 75620K, committed 77248K, reserved 1179648K
  class space    used 7888K, committed 8640K, reserved 1048576K
}
Event: 106.723 GC heap after
{Heap after GC invocations=654 (full 3):
 PSYoungGen      total 9728K, used 378K [0x00000000d5580000, 0x00000000d6000000, 0x0000000100000000)
  eden space 9216K, 0% used [0x00000000d5580000,0x00000000d5580000,0x00000000d5e80000)
  from space 512K, 73% used [0x00000000d5f00000,0x00000000d5f5e900,0x00000000d5f80000)
  to   space 512K, 0% used [0x00000000d5f80000,0x00000000d5f80000,0x00000000d6000000)
 ParOldGen       total 390144K, used 389802K [0x0000000080000000, 0x0000000097d00000, 0x00000000d5580000)
  object space 390144K, 99% used [0x0000000080000000,0x0000000097caaa80,0x0000000097d00000)
 Metaspace       used 75620K, committed 77248K, reserved 1179648K
  class space    used 7888K, committed 8640K, reserved 1048576K
}
Event: 331.578 GC heap before
{Heap before GC invocations=655 (full 3):
 PSYoungGen      total 9728K, used 9594K [0x00000000d5580000, 0x00000000d6000000, 0x0000000100000000)
  eden space 9216K, 100% used [0x00000000d5580000,0x00000000d5e80000,0x00000000d5e80000)
  from space 512K, 73% used [0x00000000d5f00000,0x00000000d5f5e900,0x00000000d5f80000)
  to   space 512K, 0% used [0x00000000d5f80000,0x00000000d5f80000,0x00000000d6000000)
 ParOldGen       total 390144K, used 389802K [0x0000000080000000, 0x0000000097d00000, 0x00000000d5580000)
  object space 390144K, 99% used [0x0000000080000000,0x0000000097caaa80,0x0000000097d00000)
 Metaspace       used 75642K, committed 77248K, reserved 1179648K
  class space    used 7890K, committed 8640K, reserved 1048576K
}
Event: 331.624 GC heap after
{Heap after GC invocations=655 (full 3):
 PSYoungGen      total 9728K, used 64K [0x00000000d5580000, 0x00000000d6000000, 0x0000000100000000)
  eden space 9216K, 0% used [0x00000000d5580000,0x00000000d5580000,0x00000000d5e80000)
  from space 512K, 12% used [0x00000000d5f80000,0x00000000d5f90000,0x00000000d6000000)
  to   space 512K, 0% used [0x00000000d5f00000,0x00000000d5f00000,0x00000000d5f80000)
 ParOldGen       total 390144K, used 390074K [0x0000000080000000, 0x0000000097d00000, 0x00000000d5580000)
  object space 390144K, 99% used [0x0000000080000000,0x0000000097ceea80,0x0000000097d00000)
 Metaspace       used 75642K, committed 77248K, reserved 1179648K
  class space    used 7890K, committed 8640K, reserved 1048576K
}

